<?xml version="1.0" encoding="UTF-8"?>
<testng-results ignored="0" total="4" passed="4" failed="0" skipped="0">
  <reporter-output>
  </reporter-output>
  <suite started-at="2024-11-21T11:07:38 IST" name="PetSuite" finished-at="2024-11-21T11:07:48 IST" duration-ms="9992">
    <groups>
    </groups>
    <test started-at="2024-11-21T11:07:38 IST" name="PetTests" finished-at="2024-11-21T11:07:48 IST" duration-ms="9992">
      <class name="api.test.UserTests">
        <test-method is-config="true" signature="setupData()[pri:0, instance:api.test.UserTests@3e27ba32]" started-at="2024-11-21T11:07:38 IST" name="setupData" finished-at="2024-11-21T11:07:39 IST" duration-ms="664" status="PASS">
          <reporter-output>
          </reporter-output>
        </test-method> <!-- setupData -->
        <test-method signature="testPostUser()[pri:1, instance:api.test.UserTests@3e27ba32]" started-at="2024-11-21T11:07:39 IST" name="testPostUser" finished-at="2024-11-21T11:07:43 IST" duration-ms="3619" status="PASS">
          <reporter-output>
          </reporter-output>
        </test-method> <!-- testPostUser -->
        <test-method signature="testGetUserByName()[pri:2, instance:api.test.UserTests@3e27ba32]" started-at="2024-11-21T11:07:43 IST" name="testGetUserByName" finished-at="2024-11-21T11:07:44 IST" duration-ms="1340" status="PASS">
          <reporter-output>
          </reporter-output>
        </test-method> <!-- testGetUserByName -->
        <test-method signature="testUpdateByUser()[pri:3, instance:api.test.UserTests@3e27ba32]" started-at="2024-11-21T11:07:44 IST" name="testUpdateByUser" finished-at="2024-11-21T11:07:47 IST" duration-ms="2609" status="PASS">
          <reporter-output>
          </reporter-output>
        </test-method> <!-- testUpdateByUser -->
        <test-method signature="testDeleteUserByName()[pri:4, instance:api.test.UserTests@3e27ba32]" started-at="2024-11-21T11:07:47 IST" name="testDeleteUserByName" finished-at="2024-11-21T11:07:48 IST" duration-ms="1282" status="PASS">
          <reporter-output>
          </reporter-output>
        </test-method> <!-- testDeleteUserByName -->
      </class> <!-- api.test.UserTests -->
    </test> <!-- PetTests -->
  </suite> <!-- PetSuite -->
</testng-results>
