<?xml version="1.0" encoding="UTF-8"?>
<!-- Generated by org.testng.reporters.JUnitXMLReporter -->
<testsuite ignored="0" hostname="DESKTOP-3APH7UC" failures="0" tests="4" name="PetTests" time="9.992" errors="0" timestamp="2024-11-21T11:07:48 IST">
  <testcase classname="api.test.UserTests" name="testPostUser" time="3.619"/>
  <testcase classname="api.test.UserTests" name="testGetUserByName" time="1.34"/>
  <testcase classname="api.test.UserTests" name="testUpdateByUser" time="2.609"/>
  <testcase classname="api.test.UserTests" name="testDeleteUserByName" time="1.282"/>
</testsuite> <!-- PetTests -->
